2026-04-01 04:44:51,513 - __main__ - INFO - ============================================================
2026-04-01 04:44:51,513 - __main__ - INFO - Dark Store Supply Chain Optimization System
2026-04-01 04:44:51,513 - __main__ - INFO - ============================================================
2026-04-01 04:44:51,513 - __main__ - INFO - 
[1/5] Importing modules...
2026-04-01 04:45:26,103 - __main__ - INFO - 
[2/5] Generating synthetic data...
2026-04-01 04:45:26,105 - data_generator - INFO - Generated 80 products across 8 categories
2026-04-01 04:45:26,105 - data_generator - INFO - Generated 5 dark stores
2026-04-01 04:46:22,498 - __main__ - INFO - ============================================================
2026-04-01 04:46:22,499 - __main__ - INFO - Dark Store Supply Chain Optimization System
2026-04-01 04:46:22,499 - __main__ - INFO - ============================================================
2026-04-01 04:46:22,499 - __main__ - INFO - 
[1/5] Importing modules...
2026-04-01 04:46:23,511 - __main__ - INFO - 
[2/5] Generating synthetic data...
2026-04-01 04:46:23,512 - data_generator - INFO - Generated 80 products across 8 categories
2026-04-01 04:46:23,513 - data_generator - INFO - Generated 5 dark stores
2026-04-01 04:46:37,687 - __main__ - INFO - ============================================================
2026-04-01 04:46:37,687 - __main__ - INFO - Dark Store Supply Chain Optimization System
2026-04-01 04:46:37,687 - __main__ - INFO - ============================================================
2026-04-01 04:46:37,687 - __main__ - INFO - 
[1/5] Importing modules...
2026-04-01 04:46:38,747 - __main__ - INFO - 
[2/5] Generating synthetic data...
2026-04-01 04:46:38,748 - data_generator - INFO - Generated 80 products across 8 categories
2026-04-01 04:46:38,749 - data_generator - INFO - Generated 5 dark stores
2026-04-01 04:46:50,773 - __main__ - INFO - ============================================================
2026-04-01 04:46:50,774 - __main__ - INFO - Dark Store Supply Chain Optimization System
2026-04-01 04:46:50,774 - __main__ - INFO - ============================================================
2026-04-01 04:46:50,774 - __main__ - INFO - 
[1/5] Importing modules...
2026-04-01 04:46:51,721 - __main__ - INFO - 
[2/5] Generating synthetic data...
2026-04-01 04:46:51,722 - data_generator - INFO - Generated 80 products across 8 categories
2026-04-01 04:46:51,722 - data_generator - INFO - Generated 5 dark stores
2026-04-01 04:46:51,981 - data_generator - INFO - Generated 10000 orders
2026-04-01 04:46:52,011 - data_generator - INFO - Generated inventory for 400 store-product combinations
2026-04-01 04:46:52,011 - __main__ - INFO -   - Products: 80
2026-04-01 04:46:52,011 - __main__ - INFO -   - Stores: 5
2026-04-01 04:46:52,011 - __main__ - INFO -   - Orders: 10000
2026-04-01 04:46:52,011 - __main__ - INFO -   - Inventory records: 400
2026-04-01 04:46:52,011 - __main__ - INFO - 
[3/5] Training Demand Prediction Model...
2026-04-01 04:46:52,011 - model - INFO - Preparing training data...
2026-04-01 04:46:52,056 - model - INFO - Training on 7263 samples...
2026-04-01 04:46:52,200 - model - INFO - Model trained. MAE: 0.1822, RMSE: 0.3912
2026-04-01 04:46:52,200 - __main__ - INFO -   - Training samples: 7263
2026-04-01 04:46:52,200 - __main__ - INFO -   - Test samples: 1816
2026-04-01 04:46:52,200 - __main__ - INFO -   - MAE: 0.1822
2026-04-01 04:46:52,200 - __main__ - INFO -   - RMSE: 0.3912
2026-04-01 04:46:52,200 - __main__ - INFO - 
[4/5] Initializing Optimizers...
2026-04-01 04:46:52,200 - __main__ - INFO - 
[5/5] Running Sample Analysis...
2026-04-01 04:47:10,200 - __main__ - INFO - ============================================================
2026-04-01 04:47:10,200 - __main__ - INFO - Dark Store Supply Chain Optimization System
2026-04-01 04:47:10,200 - __main__ - INFO - ============================================================
2026-04-01 04:47:10,200 - __main__ - INFO - 
[1/5] Importing modules...
2026-04-01 04:47:11,253 - __main__ - INFO - 
[2/5] Generating synthetic data...
2026-04-01 04:47:11,254 - data_generator - INFO - Generated 80 products across 8 categories
2026-04-01 04:47:11,255 - data_generator - INFO - Generated 5 dark stores
2026-04-01 04:47:11,516 - data_generator - INFO - Generated 10000 orders
2026-04-01 04:47:11,546 - data_generator - INFO - Generated inventory for 400 store-product combinations
2026-04-01 04:47:11,546 - __main__ - INFO -   - Products: 80
2026-04-01 04:47:11,546 - __main__ - INFO -   - Stores: 5
2026-04-01 04:47:11,546 - __main__ - INFO -   - Orders: 10000
2026-04-01 04:47:11,546 - __main__ - INFO -   - Inventory records: 400
2026-04-01 04:47:11,546 - __main__ - INFO - 
[3/5] Training Demand Prediction Model...
2026-04-01 04:47:11,546 - model - INFO - Preparing training data...
2026-04-01 04:47:11,590 - model - INFO - Training on 7288 samples...
2026-04-01 04:47:11,727 - model - INFO - Model trained. MAE: 0.1297, RMSE: 0.3256
2026-04-01 04:47:11,727 - __main__ - INFO -   - Training samples: 7288
2026-04-01 04:47:11,728 - __main__ - INFO -   - Test samples: 1823
2026-04-01 04:47:11,728 - __main__ - INFO -   - MAE: 0.1297
2026-04-01 04:47:11,728 - __main__ - INFO -   - RMSE: 0.3256
2026-04-01 04:47:11,728 - __main__ - INFO - 
[4/5] Initializing Optimizers...
2026-04-01 04:47:11,729 - __main__ - INFO - 
[5/5] Running Sample Analysis...
2026-04-01 04:47:33,795 - inventory - INFO - Analyzed stock status for 400 store-product combinations
2026-04-01 04:47:55,948 - inventory - INFO - Analyzed stock status for 400 store-product combinations
2026-04-01 04:47:55,954 - inventory - INFO - Generated 132 restock recommendations
2026-04-01 04:47:55,991 - transfer - INFO - Suggested 10 stock transfers
2026-04-01 04:47:56,010 - __main__ - INFO - 
============================================================
2026-04-01 04:47:56,010 - __main__ - INFO - Starting FastAPI Server on http://localhost:8000
2026-04-01 04:47:56,010 - __main__ - INFO - ============================================================

2026-04-01 04:47:56,756 - api - INFO - Initializing Dark Store Optimization System...
2026-04-01 04:47:56,756 - api - INFO - Generating synthetic data...
2026-04-01 04:47:56,756 - data_generator - INFO - Generated 80 products across 8 categories
2026-04-01 04:47:56,757 - data_generator - INFO - Generated 5 dark stores
2026-04-01 04:47:56,886 - data_generator - INFO - Generated 5000 orders
2026-04-01 04:47:56,916 - data_generator - INFO - Generated inventory for 400 store-product combinations
2026-04-01 04:47:56,916 - api - INFO - Training demand prediction model...
2026-04-01 04:47:56,916 - model - INFO - Preparing training data...
2026-04-01 04:47:56,970 - model - INFO - Training on 3805 samples...
2026-04-01 04:47:57,054 - model - INFO - Model trained. MAE: 0.1956, RMSE: 0.5272
2026-04-01 04:47:57,054 - api - INFO - Model trained with MAE: 0.1956, RMSE: 0.5272
2026-04-01 04:47:57,054 - api - INFO - Initializing inventory optimizer...
2026-04-01 04:47:57,054 - api - INFO - Initializing transfer optimizer...
2026-04-01 04:47:57,054 - api - INFO - Initializing expiry manager...
2026-04-01 04:47:57,054 - api - INFO - System ready!
2026-04-01 04:50:23,368 - __main__ - INFO - ============================================================
2026-04-01 04:50:23,368 - __main__ - INFO - Dark Store Supply Chain Optimization System
2026-04-01 04:50:23,368 - __main__ - INFO - ============================================================
2026-04-01 04:50:23,369 - __main__ - INFO - 
[1/5] Importing modules...
2026-04-01 04:50:24,407 - __main__ - INFO - 
[2/5] Generating synthetic data...
2026-04-01 04:50:24,408 - data_generator - INFO - Generated 80 products across 8 categories
2026-04-01 04:50:24,408 - data_generator - INFO - Generated 5 dark stores
2026-04-01 04:50:24,666 - data_generator - INFO - Generated 10000 orders
2026-04-01 04:50:24,696 - data_generator - INFO - Generated inventory for 400 store-product combinations
2026-04-01 04:50:24,696 - __main__ - INFO -   - Products: 80
2026-04-01 04:50:24,696 - __main__ - INFO -   - Stores: 5
2026-04-01 04:50:24,696 - __main__ - INFO -   - Orders: 10000
2026-04-01 04:50:24,697 - __main__ - INFO -   - Inventory records: 400
2026-04-01 04:50:24,697 - __main__ - INFO - 
[3/5] Training Demand Prediction Model...
2026-04-01 04:50:24,697 - model - INFO - Preparing training data...
2026-04-01 04:50:24,740 - model - INFO - Training on 7254 samples...
2026-04-01 04:50:24,885 - model - INFO - Model trained. MAE: 0.1668, RMSE: 0.4222
2026-04-01 04:50:24,886 - __main__ - INFO -   - Training samples: 7254
2026-04-01 04:50:24,886 - __main__ - INFO -   - Test samples: 1814
2026-04-01 04:50:24,886 - __main__ - INFO -   - MAE: 0.1668
2026-04-01 04:50:24,886 - __main__ - INFO -   - RMSE: 0.4222
2026-04-01 04:50:24,886 - __main__ - INFO - 
[4/5] Initializing Optimizers...
2026-04-01 04:50:24,886 - __main__ - INFO - 
[5/5] Running Sample Analysis...
2026-04-01 04:50:47,414 - inventory - INFO - Analyzed stock status for 400 store-product combinations
2026-04-01 04:51:10,103 - inventory - INFO - Analyzed stock status for 400 store-product combinations
2026-04-01 04:51:10,108 - inventory - INFO - Generated 68 restock recommendations
2026-04-01 04:51:10,147 - transfer - INFO - Suggested 10 stock transfers
2026-04-01 04:51:10,165 - __main__ - INFO - 
============================================================
2026-04-01 04:51:10,165 - __main__ - INFO - Starting FastAPI Server on http://localhost:8000
2026-04-01 04:51:10,165 - __main__ - INFO - ============================================================

2026-04-01 04:51:10,402 - api - INFO - Initializing Dark Store Optimization System...
2026-04-01 04:51:10,403 - api - INFO - Generating synthetic data...
2026-04-01 04:51:10,403 - data_generator - INFO - Generated 80 products across 8 categories
2026-04-01 04:51:10,403 - data_generator - INFO - Generated 5 dark stores
2026-04-01 04:51:10,531 - data_generator - INFO - Generated 5000 orders
2026-04-01 04:51:10,560 - data_generator - INFO - Generated inventory for 400 store-product combinations
2026-04-01 04:51:10,560 - api - INFO - Training demand prediction model...
2026-04-01 04:51:10,560 - model - INFO - Preparing training data...
2026-04-01 04:51:10,613 - model - INFO - Training on 3815 samples...
2026-04-01 04:51:10,704 - model - INFO - Model trained. MAE: 0.2004, RMSE: 0.5785
2026-04-01 04:51:10,704 - api - INFO - Model trained with MAE: 0.2004, RMSE: 0.5785
2026-04-01 04:51:10,704 - api - INFO - Initializing inventory optimizer...
2026-04-01 04:51:10,704 - api - INFO - Initializing transfer optimizer...
2026-04-01 04:51:10,704 - api - INFO - Initializing expiry manager...
2026-04-01 04:51:10,704 - api - INFO - System ready!
